C:\USERS\ADMIN\DOCUMENTS\VISUAL STUDIO 2012\PROJECTS\SHOPPING\SHOPPING\DEBUG\PRODUCTCATEGORY.OBJ
C:\USERS\ADMIN\DOCUMENTS\VISUAL STUDIO 2012\PROJECTS\SHOPPING\SHOPPING\DEBUG\PRODUCTITEM.OBJ
C:\USERS\ADMIN\DOCUMENTS\VISUAL STUDIO 2012\PROJECTS\SHOPPING\SHOPPING\DEBUG\PRODUCTPROPERTYLAPTOP.OBJ
C:\USERS\ADMIN\DOCUMENTS\VISUAL STUDIO 2012\PROJECTS\SHOPPING\SHOPPING\DEBUG\PRODUCTPROPERTYMOBILE.OBJ
C:\USERS\ADMIN\DOCUMENTS\VISUAL STUDIO 2012\PROJECTS\SHOPPING\SHOPPING\DEBUG\PRODUCTPROPERTYSHOES.OBJ
C:\USERS\ADMIN\DOCUMENTS\VISUAL STUDIO 2012\PROJECTS\SHOPPING\SHOPPING\DEBUG\VC110.PDB
C:\USERS\ADMIN\DOCUMENTS\VISUAL STUDIO 2012\PROJECTS\SHOPPING\SHOPPING\DEBUG\SOURCE.OBJ
C:\USERS\ADMIN\DOCUMENTS\VISUAL STUDIO 2012\PROJECTS\SHOPPING\SHOPPING\DEBUG\DATABASE.OBJ
C:\USERS\ADMIN\DOCUMENTS\VISUAL STUDIO 2012\PROJECTS\SHOPPING\SHOPPING\DEBUG\INTERFACE.OBJ
C:\Users\Admin\Documents\Visual Studio 2012\Projects\Shopping\Shopping\Debug\database.obj
C:\Users\Admin\Documents\Visual Studio 2012\Projects\Shopping\Shopping\Debug\Interface.obj
C:\Users\Admin\Documents\Visual Studio 2012\Projects\Shopping\Shopping\Debug\ProductCategory.obj
C:\Users\Admin\Documents\Visual Studio 2012\Projects\Shopping\Shopping\Debug\ProductItem.obj
C:\Users\Admin\Documents\Visual Studio 2012\Projects\Shopping\Shopping\Debug\ProductPropertyLaptop.obj
C:\Users\Admin\Documents\Visual Studio 2012\Projects\Shopping\Shopping\Debug\ProductPropertyMobile.obj
C:\Users\Admin\Documents\Visual Studio 2012\Projects\Shopping\Shopping\Debug\ProductPropertyShoes.obj
C:\Users\Admin\Documents\Visual Studio 2012\Projects\Shopping\Shopping\Debug\Source.obj
C:\Users\Admin\Documents\Visual Studio 2012\Projects\Shopping\Shopping\Debug\cl.command.1.tlog
C:\Users\Admin\Documents\Visual Studio 2012\Projects\Shopping\Shopping\Debug\CL.read.1.tlog
C:\Users\Admin\Documents\Visual Studio 2012\Projects\Shopping\Shopping\Debug\CL.write.1.tlog
C:\Users\Admin\Documents\Visual Studio 2012\Projects\Shopping\Shopping\Debug\link-cvtres.read.1.tlog
C:\Users\Admin\Documents\Visual Studio 2012\Projects\Shopping\Shopping\Debug\link-cvtres.write.1.tlog
C:\Users\Admin\Documents\Visual Studio 2012\Projects\Shopping\Shopping\Debug\link-rc.read.1.tlog
C:\Users\Admin\Documents\Visual Studio 2012\Projects\Shopping\Shopping\Debug\link-rc.write.1.tlog
C:\Users\Admin\Documents\Visual Studio 2012\Projects\Shopping\Shopping\Debug\link.1344-cvtres.read.1.tlog
C:\Users\Admin\Documents\Visual Studio 2012\Projects\Shopping\Shopping\Debug\link.1344-cvtres.write.1.tlog
C:\Users\Admin\Documents\Visual Studio 2012\Projects\Shopping\Shopping\Debug\link.1344-rc.read.1.tlog
C:\Users\Admin\Documents\Visual Studio 2012\Projects\Shopping\Shopping\Debug\link.1344-rc.write.1.tlog
C:\Users\Admin\Documents\Visual Studio 2012\Projects\Shopping\Shopping\Debug\link.1344.read.1.tlog
C:\Users\Admin\Documents\Visual Studio 2012\Projects\Shopping\Shopping\Debug\link.1344.write.1.tlog
C:\Users\Admin\Documents\Visual Studio 2012\Projects\Shopping\Shopping\Debug\link.224-cvtres.read.1.tlog
C:\Users\Admin\Documents\Visual Studio 2012\Projects\Shopping\Shopping\Debug\link.224-cvtres.write.1.tlog
C:\Users\Admin\Documents\Visual Studio 2012\Projects\Shopping\Shopping\Debug\link.224-rc.read.1.tlog
C:\Users\Admin\Documents\Visual Studio 2012\Projects\Shopping\Shopping\Debug\link.224-rc.write.1.tlog
C:\Users\Admin\Documents\Visual Studio 2012\Projects\Shopping\Shopping\Debug\link.224.read.1.tlog
C:\Users\Admin\Documents\Visual Studio 2012\Projects\Shopping\Shopping\Debug\link.224.write.1.tlog
C:\Users\Admin\Documents\Visual Studio 2012\Projects\Shopping\Shopping\Debug\link.2332-cvtres.read.1.tlog
C:\Users\Admin\Documents\Visual Studio 2012\Projects\Shopping\Shopping\Debug\link.2332-cvtres.write.1.tlog
C:\Users\Admin\Documents\Visual Studio 2012\Projects\Shopping\Shopping\Debug\link.2332-rc.read.1.tlog
C:\Users\Admin\Documents\Visual Studio 2012\Projects\Shopping\Shopping\Debug\link.2332-rc.write.1.tlog
C:\Users\Admin\Documents\Visual Studio 2012\Projects\Shopping\Shopping\Debug\link.2332.read.1.tlog
C:\Users\Admin\Documents\Visual Studio 2012\Projects\Shopping\Shopping\Debug\link.2332.write.1.tlog
C:\Users\Admin\Documents\Visual Studio 2012\Projects\Shopping\Shopping\Debug\link.2532-cvtres.read.1.tlog
C:\Users\Admin\Documents\Visual Studio 2012\Projects\Shopping\Shopping\Debug\link.2532-cvtres.write.1.tlog
C:\Users\Admin\Documents\Visual Studio 2012\Projects\Shopping\Shopping\Debug\link.2532-rc.read.1.tlog
C:\Users\Admin\Documents\Visual Studio 2012\Projects\Shopping\Shopping\Debug\link.2532-rc.write.1.tlog
C:\Users\Admin\Documents\Visual Studio 2012\Projects\Shopping\Shopping\Debug\link.2532.read.1.tlog
C:\Users\Admin\Documents\Visual Studio 2012\Projects\Shopping\Shopping\Debug\link.2532.write.1.tlog
C:\Users\Admin\Documents\Visual Studio 2012\Projects\Shopping\Shopping\Debug\link.2572-cvtres.read.1.tlog
C:\Users\Admin\Documents\Visual Studio 2012\Projects\Shopping\Shopping\Debug\link.2572-cvtres.write.1.tlog
C:\Users\Admin\Documents\Visual Studio 2012\Projects\Shopping\Shopping\Debug\link.2572-rc.read.1.tlog
C:\Users\Admin\Documents\Visual Studio 2012\Projects\Shopping\Shopping\Debug\link.2572-rc.write.1.tlog
C:\Users\Admin\Documents\Visual Studio 2012\Projects\Shopping\Shopping\Debug\link.2572.read.1.tlog
C:\Users\Admin\Documents\Visual Studio 2012\Projects\Shopping\Shopping\Debug\link.2572.write.1.tlog
C:\Users\Admin\Documents\Visual Studio 2012\Projects\Shopping\Shopping\Debug\link.2668-cvtres.read.1.tlog
C:\Users\Admin\Documents\Visual Studio 2012\Projects\Shopping\Shopping\Debug\link.2668-cvtres.write.1.tlog
C:\Users\Admin\Documents\Visual Studio 2012\Projects\Shopping\Shopping\Debug\link.2668-rc.read.1.tlog
C:\Users\Admin\Documents\Visual Studio 2012\Projects\Shopping\Shopping\Debug\link.2668-rc.write.1.tlog
C:\Users\Admin\Documents\Visual Studio 2012\Projects\Shopping\Shopping\Debug\link.2668.read.1.tlog
C:\Users\Admin\Documents\Visual Studio 2012\Projects\Shopping\Shopping\Debug\link.2668.write.1.tlog
C:\Users\Admin\Documents\Visual Studio 2012\Projects\Shopping\Shopping\Debug\link.2724-cvtres.read.1.tlog
C:\Users\Admin\Documents\Visual Studio 2012\Projects\Shopping\Shopping\Debug\link.2724-cvtres.write.1.tlog
C:\Users\Admin\Documents\Visual Studio 2012\Projects\Shopping\Shopping\Debug\link.2724-rc.read.1.tlog
C:\Users\Admin\Documents\Visual Studio 2012\Projects\Shopping\Shopping\Debug\link.2724-rc.write.1.tlog
C:\Users\Admin\Documents\Visual Studio 2012\Projects\Shopping\Shopping\Debug\link.2724.read.1.tlog
C:\Users\Admin\Documents\Visual Studio 2012\Projects\Shopping\Shopping\Debug\link.2724.write.1.tlog
C:\Users\Admin\Documents\Visual Studio 2012\Projects\Shopping\Shopping\Debug\link.3212-cvtres.read.1.tlog
C:\Users\Admin\Documents\Visual Studio 2012\Projects\Shopping\Shopping\Debug\link.3212-cvtres.write.1.tlog
C:\Users\Admin\Documents\Visual Studio 2012\Projects\Shopping\Shopping\Debug\link.3212-rc.read.1.tlog
C:\Users\Admin\Documents\Visual Studio 2012\Projects\Shopping\Shopping\Debug\link.3212-rc.write.1.tlog
C:\Users\Admin\Documents\Visual Studio 2012\Projects\Shopping\Shopping\Debug\link.3212.read.1.tlog
C:\Users\Admin\Documents\Visual Studio 2012\Projects\Shopping\Shopping\Debug\link.3212.write.1.tlog
C:\Users\Admin\Documents\Visual Studio 2012\Projects\Shopping\Shopping\Debug\link.3436-cvtres.read.1.tlog
C:\Users\Admin\Documents\Visual Studio 2012\Projects\Shopping\Shopping\Debug\link.3436-cvtres.write.1.tlog
C:\Users\Admin\Documents\Visual Studio 2012\Projects\Shopping\Shopping\Debug\link.3436-rc.read.1.tlog
C:\Users\Admin\Documents\Visual Studio 2012\Projects\Shopping\Shopping\Debug\link.3436-rc.write.1.tlog
C:\Users\Admin\Documents\Visual Studio 2012\Projects\Shopping\Shopping\Debug\link.3436.read.1.tlog
C:\Users\Admin\Documents\Visual Studio 2012\Projects\Shopping\Shopping\Debug\link.3436.write.1.tlog
C:\Users\Admin\Documents\Visual Studio 2012\Projects\Shopping\Shopping\Debug\link.3468-cvtres.read.1.tlog
C:\Users\Admin\Documents\Visual Studio 2012\Projects\Shopping\Shopping\Debug\link.3468-cvtres.write.1.tlog
C:\Users\Admin\Documents\Visual Studio 2012\Projects\Shopping\Shopping\Debug\link.3468-rc.read.1.tlog
C:\Users\Admin\Documents\Visual Studio 2012\Projects\Shopping\Shopping\Debug\link.3468-rc.write.1.tlog
C:\Users\Admin\Documents\Visual Studio 2012\Projects\Shopping\Shopping\Debug\link.3468.read.1.tlog
C:\Users\Admin\Documents\Visual Studio 2012\Projects\Shopping\Shopping\Debug\link.3468.write.1.tlog
C:\Users\Admin\Documents\Visual Studio 2012\Projects\Shopping\Shopping\Debug\link.3496-cvtres.read.1.tlog
C:\Users\Admin\Documents\Visual Studio 2012\Projects\Shopping\Shopping\Debug\link.3496-cvtres.write.1.tlog
C:\Users\Admin\Documents\Visual Studio 2012\Projects\Shopping\Shopping\Debug\link.3496-rc.read.1.tlog
C:\Users\Admin\Documents\Visual Studio 2012\Projects\Shopping\Shopping\Debug\link.3496-rc.write.1.tlog
C:\Users\Admin\Documents\Visual Studio 2012\Projects\Shopping\Shopping\Debug\link.3496.read.1.tlog
C:\Users\Admin\Documents\Visual Studio 2012\Projects\Shopping\Shopping\Debug\link.3496.write.1.tlog
C:\Users\Admin\Documents\Visual Studio 2012\Projects\Shopping\Shopping\Debug\link.3624-cvtres.read.1.tlog
C:\Users\Admin\Documents\Visual Studio 2012\Projects\Shopping\Shopping\Debug\link.3624-cvtres.write.1.tlog
C:\Users\Admin\Documents\Visual Studio 2012\Projects\Shopping\Shopping\Debug\link.3624-rc.read.1.tlog
C:\Users\Admin\Documents\Visual Studio 2012\Projects\Shopping\Shopping\Debug\link.3624-rc.write.1.tlog
C:\Users\Admin\Documents\Visual Studio 2012\Projects\Shopping\Shopping\Debug\link.3624.read.1.tlog
C:\Users\Admin\Documents\Visual Studio 2012\Projects\Shopping\Shopping\Debug\link.3624.write.1.tlog
C:\Users\Admin\Documents\Visual Studio 2012\Projects\Shopping\Shopping\Debug\link.3804-cvtres.read.1.tlog
C:\Users\Admin\Documents\Visual Studio 2012\Projects\Shopping\Shopping\Debug\link.3804-cvtres.write.1.tlog
C:\Users\Admin\Documents\Visual Studio 2012\Projects\Shopping\Shopping\Debug\link.3804-rc.read.1.tlog
C:\Users\Admin\Documents\Visual Studio 2012\Projects\Shopping\Shopping\Debug\link.3804-rc.write.1.tlog
C:\Users\Admin\Documents\Visual Studio 2012\Projects\Shopping\Shopping\Debug\link.3804.read.1.tlog
C:\Users\Admin\Documents\Visual Studio 2012\Projects\Shopping\Shopping\Debug\link.3804.write.1.tlog
C:\Users\Admin\Documents\Visual Studio 2012\Projects\Shopping\Shopping\Debug\link.3924-cvtres.read.1.tlog
C:\Users\Admin\Documents\Visual Studio 2012\Projects\Shopping\Shopping\Debug\link.3924-cvtres.write.1.tlog
C:\Users\Admin\Documents\Visual Studio 2012\Projects\Shopping\Shopping\Debug\link.3924-rc.read.1.tlog
C:\Users\Admin\Documents\Visual Studio 2012\Projects\Shopping\Shopping\Debug\link.3924-rc.write.1.tlog
C:\Users\Admin\Documents\Visual Studio 2012\Projects\Shopping\Shopping\Debug\link.3924.read.1.tlog
C:\Users\Admin\Documents\Visual Studio 2012\Projects\Shopping\Shopping\Debug\link.3924.write.1.tlog
C:\Users\Admin\Documents\Visual Studio 2012\Projects\Shopping\Shopping\Debug\link.3952-cvtres.read.1.tlog
C:\Users\Admin\Documents\Visual Studio 2012\Projects\Shopping\Shopping\Debug\link.3952-cvtres.write.1.tlog
C:\Users\Admin\Documents\Visual Studio 2012\Projects\Shopping\Shopping\Debug\link.3952-rc.read.1.tlog
C:\Users\Admin\Documents\Visual Studio 2012\Projects\Shopping\Shopping\Debug\link.3952-rc.write.1.tlog
C:\Users\Admin\Documents\Visual Studio 2012\Projects\Shopping\Shopping\Debug\link.3952.read.1.tlog
C:\Users\Admin\Documents\Visual Studio 2012\Projects\Shopping\Shopping\Debug\link.3952.write.1.tlog
C:\Users\Admin\Documents\Visual Studio 2012\Projects\Shopping\Shopping\Debug\link.4232-cvtres.read.1.tlog
C:\Users\Admin\Documents\Visual Studio 2012\Projects\Shopping\Shopping\Debug\link.4232-cvtres.write.1.tlog
C:\Users\Admin\Documents\Visual Studio 2012\Projects\Shopping\Shopping\Debug\link.4232-rc.read.1.tlog
C:\Users\Admin\Documents\Visual Studio 2012\Projects\Shopping\Shopping\Debug\link.4232-rc.write.1.tlog
C:\Users\Admin\Documents\Visual Studio 2012\Projects\Shopping\Shopping\Debug\link.4232.read.1.tlog
C:\Users\Admin\Documents\Visual Studio 2012\Projects\Shopping\Shopping\Debug\link.4232.write.1.tlog
C:\Users\Admin\Documents\Visual Studio 2012\Projects\Shopping\Shopping\Debug\link.4800-cvtres.read.1.tlog
C:\Users\Admin\Documents\Visual Studio 2012\Projects\Shopping\Shopping\Debug\link.4800-cvtres.write.1.tlog
C:\Users\Admin\Documents\Visual Studio 2012\Projects\Shopping\Shopping\Debug\link.4800-rc.read.1.tlog
C:\Users\Admin\Documents\Visual Studio 2012\Projects\Shopping\Shopping\Debug\link.4800-rc.write.1.tlog
C:\Users\Admin\Documents\Visual Studio 2012\Projects\Shopping\Shopping\Debug\link.4800.read.1.tlog
C:\Users\Admin\Documents\Visual Studio 2012\Projects\Shopping\Shopping\Debug\link.4800.write.1.tlog
C:\Users\Admin\Documents\Visual Studio 2012\Projects\Shopping\Shopping\Debug\link.4884-cvtres.read.1.tlog
C:\Users\Admin\Documents\Visual Studio 2012\Projects\Shopping\Shopping\Debug\link.4884-cvtres.write.1.tlog
C:\Users\Admin\Documents\Visual Studio 2012\Projects\Shopping\Shopping\Debug\link.4884-rc.read.1.tlog
C:\Users\Admin\Documents\Visual Studio 2012\Projects\Shopping\Shopping\Debug\link.4884-rc.write.1.tlog
C:\Users\Admin\Documents\Visual Studio 2012\Projects\Shopping\Shopping\Debug\link.4884.read.1.tlog
C:\Users\Admin\Documents\Visual Studio 2012\Projects\Shopping\Shopping\Debug\link.4884.write.1.tlog
C:\Users\Admin\Documents\Visual Studio 2012\Projects\Shopping\Shopping\Debug\link.4972-cvtres.read.1.tlog
C:\Users\Admin\Documents\Visual Studio 2012\Projects\Shopping\Shopping\Debug\link.4972-cvtres.write.1.tlog
C:\Users\Admin\Documents\Visual Studio 2012\Projects\Shopping\Shopping\Debug\link.4972-rc.read.1.tlog
C:\Users\Admin\Documents\Visual Studio 2012\Projects\Shopping\Shopping\Debug\link.4972-rc.write.1.tlog
C:\Users\Admin\Documents\Visual Studio 2012\Projects\Shopping\Shopping\Debug\link.4972.read.1.tlog
C:\Users\Admin\Documents\Visual Studio 2012\Projects\Shopping\Shopping\Debug\link.4972.write.1.tlog
C:\Users\Admin\Documents\Visual Studio 2012\Projects\Shopping\Shopping\Debug\link.5048-cvtres.read.1.tlog
C:\Users\Admin\Documents\Visual Studio 2012\Projects\Shopping\Shopping\Debug\link.5048-cvtres.write.1.tlog
C:\Users\Admin\Documents\Visual Studio 2012\Projects\Shopping\Shopping\Debug\link.5048-rc.read.1.tlog
C:\Users\Admin\Documents\Visual Studio 2012\Projects\Shopping\Shopping\Debug\link.5048-rc.write.1.tlog
C:\Users\Admin\Documents\Visual Studio 2012\Projects\Shopping\Shopping\Debug\link.5048.read.1.tlog
C:\Users\Admin\Documents\Visual Studio 2012\Projects\Shopping\Shopping\Debug\link.5048.write.1.tlog
C:\Users\Admin\Documents\Visual Studio 2012\Projects\Shopping\Shopping\Debug\link.5900-cvtres.read.1.tlog
C:\Users\Admin\Documents\Visual Studio 2012\Projects\Shopping\Shopping\Debug\link.5900-cvtres.write.1.tlog
C:\Users\Admin\Documents\Visual Studio 2012\Projects\Shopping\Shopping\Debug\link.5900-rc.read.1.tlog
C:\Users\Admin\Documents\Visual Studio 2012\Projects\Shopping\Shopping\Debug\link.5900-rc.write.1.tlog
C:\Users\Admin\Documents\Visual Studio 2012\Projects\Shopping\Shopping\Debug\link.5900.read.1.tlog
C:\Users\Admin\Documents\Visual Studio 2012\Projects\Shopping\Shopping\Debug\link.5900.write.1.tlog
C:\Users\Admin\Documents\Visual Studio 2012\Projects\Shopping\Shopping\Debug\link.5944-cvtres.read.1.tlog
C:\Users\Admin\Documents\Visual Studio 2012\Projects\Shopping\Shopping\Debug\link.5944-cvtres.write.1.tlog
C:\Users\Admin\Documents\Visual Studio 2012\Projects\Shopping\Shopping\Debug\link.5944-rc.read.1.tlog
C:\Users\Admin\Documents\Visual Studio 2012\Projects\Shopping\Shopping\Debug\link.5944-rc.write.1.tlog
C:\Users\Admin\Documents\Visual Studio 2012\Projects\Shopping\Shopping\Debug\link.5944.read.1.tlog
C:\Users\Admin\Documents\Visual Studio 2012\Projects\Shopping\Shopping\Debug\link.5944.write.1.tlog
C:\Users\Admin\Documents\Visual Studio 2012\Projects\Shopping\Shopping\Debug\link.5952-cvtres.read.1.tlog
C:\Users\Admin\Documents\Visual Studio 2012\Projects\Shopping\Shopping\Debug\link.5952-cvtres.write.1.tlog
C:\Users\Admin\Documents\Visual Studio 2012\Projects\Shopping\Shopping\Debug\link.5952-rc.read.1.tlog
C:\Users\Admin\Documents\Visual Studio 2012\Projects\Shopping\Shopping\Debug\link.5952-rc.write.1.tlog
C:\Users\Admin\Documents\Visual Studio 2012\Projects\Shopping\Shopping\Debug\link.5952.read.1.tlog
C:\Users\Admin\Documents\Visual Studio 2012\Projects\Shopping\Shopping\Debug\link.5952.write.1.tlog
C:\Users\Admin\Documents\Visual Studio 2012\Projects\Shopping\Shopping\Debug\link.6108-cvtres.read.1.tlog
C:\Users\Admin\Documents\Visual Studio 2012\Projects\Shopping\Shopping\Debug\link.6108-cvtres.write.1.tlog
C:\Users\Admin\Documents\Visual Studio 2012\Projects\Shopping\Shopping\Debug\link.6108-rc.read.1.tlog
C:\Users\Admin\Documents\Visual Studio 2012\Projects\Shopping\Shopping\Debug\link.6108-rc.write.1.tlog
C:\Users\Admin\Documents\Visual Studio 2012\Projects\Shopping\Shopping\Debug\link.6108.read.1.tlog
C:\Users\Admin\Documents\Visual Studio 2012\Projects\Shopping\Shopping\Debug\link.6108.write.1.tlog
C:\Users\Admin\Documents\Visual Studio 2012\Projects\Shopping\Shopping\Debug\link.6112-cvtres.read.1.tlog
C:\Users\Admin\Documents\Visual Studio 2012\Projects\Shopping\Shopping\Debug\link.6112-cvtres.write.1.tlog
C:\Users\Admin\Documents\Visual Studio 2012\Projects\Shopping\Shopping\Debug\link.6112-rc.read.1.tlog
C:\Users\Admin\Documents\Visual Studio 2012\Projects\Shopping\Shopping\Debug\link.6112-rc.write.1.tlog
C:\Users\Admin\Documents\Visual Studio 2012\Projects\Shopping\Shopping\Debug\link.6112.read.1.tlog
C:\Users\Admin\Documents\Visual Studio 2012\Projects\Shopping\Shopping\Debug\link.6112.write.1.tlog
C:\Users\Admin\Documents\Visual Studio 2012\Projects\Shopping\Shopping\Debug\link.6124-cvtres.read.1.tlog
C:\Users\Admin\Documents\Visual Studio 2012\Projects\Shopping\Shopping\Debug\link.6124-cvtres.write.1.tlog
C:\Users\Admin\Documents\Visual Studio 2012\Projects\Shopping\Shopping\Debug\link.6124-rc.read.1.tlog
C:\Users\Admin\Documents\Visual Studio 2012\Projects\Shopping\Shopping\Debug\link.6124-rc.write.1.tlog
C:\Users\Admin\Documents\Visual Studio 2012\Projects\Shopping\Shopping\Debug\link.6124.read.1.tlog
C:\Users\Admin\Documents\Visual Studio 2012\Projects\Shopping\Shopping\Debug\link.6124.write.1.tlog
C:\Users\Admin\Documents\Visual Studio 2012\Projects\Shopping\Shopping\Debug\link.6220-cvtres.read.1.tlog
C:\Users\Admin\Documents\Visual Studio 2012\Projects\Shopping\Shopping\Debug\link.6220-cvtres.write.1.tlog
C:\Users\Admin\Documents\Visual Studio 2012\Projects\Shopping\Shopping\Debug\link.6220-rc.read.1.tlog
C:\Users\Admin\Documents\Visual Studio 2012\Projects\Shopping\Shopping\Debug\link.6220-rc.write.1.tlog
C:\Users\Admin\Documents\Visual Studio 2012\Projects\Shopping\Shopping\Debug\link.6220.read.1.tlog
C:\Users\Admin\Documents\Visual Studio 2012\Projects\Shopping\Shopping\Debug\link.6220.write.1.tlog
C:\Users\Admin\Documents\Visual Studio 2012\Projects\Shopping\Shopping\Debug\link.6228-cvtres.read.1.tlog
C:\Users\Admin\Documents\Visual Studio 2012\Projects\Shopping\Shopping\Debug\link.6228-cvtres.write.1.tlog
C:\Users\Admin\Documents\Visual Studio 2012\Projects\Shopping\Shopping\Debug\link.6228-rc.read.1.tlog
C:\Users\Admin\Documents\Visual Studio 2012\Projects\Shopping\Shopping\Debug\link.6228-rc.write.1.tlog
C:\Users\Admin\Documents\Visual Studio 2012\Projects\Shopping\Shopping\Debug\link.6228.read.1.tlog
C:\Users\Admin\Documents\Visual Studio 2012\Projects\Shopping\Shopping\Debug\link.6228.write.1.tlog
C:\Users\Admin\Documents\Visual Studio 2012\Projects\Shopping\Shopping\Debug\link.6240-cvtres.read.1.tlog
C:\Users\Admin\Documents\Visual Studio 2012\Projects\Shopping\Shopping\Debug\link.6240-cvtres.write.1.tlog
C:\Users\Admin\Documents\Visual Studio 2012\Projects\Shopping\Shopping\Debug\link.6240-rc.read.1.tlog
C:\Users\Admin\Documents\Visual Studio 2012\Projects\Shopping\Shopping\Debug\link.6240-rc.write.1.tlog
C:\Users\Admin\Documents\Visual Studio 2012\Projects\Shopping\Shopping\Debug\link.6240.read.1.tlog
C:\Users\Admin\Documents\Visual Studio 2012\Projects\Shopping\Shopping\Debug\link.6240.write.1.tlog
C:\Users\Admin\Documents\Visual Studio 2012\Projects\Shopping\Shopping\Debug\link.6652-cvtres.read.1.tlog
C:\Users\Admin\Documents\Visual Studio 2012\Projects\Shopping\Shopping\Debug\link.6652-cvtres.write.1.tlog
C:\Users\Admin\Documents\Visual Studio 2012\Projects\Shopping\Shopping\Debug\link.6652-rc.read.1.tlog
C:\Users\Admin\Documents\Visual Studio 2012\Projects\Shopping\Shopping\Debug\link.6652-rc.write.1.tlog
C:\Users\Admin\Documents\Visual Studio 2012\Projects\Shopping\Shopping\Debug\link.6652.read.1.tlog
C:\Users\Admin\Documents\Visual Studio 2012\Projects\Shopping\Shopping\Debug\link.6652.write.1.tlog
C:\Users\Admin\Documents\Visual Studio 2012\Projects\Shopping\Shopping\Debug\link.6768-cvtres.read.1.tlog
C:\Users\Admin\Documents\Visual Studio 2012\Projects\Shopping\Shopping\Debug\link.6768-cvtres.write.1.tlog
C:\Users\Admin\Documents\Visual Studio 2012\Projects\Shopping\Shopping\Debug\link.6768-rc.read.1.tlog
C:\Users\Admin\Documents\Visual Studio 2012\Projects\Shopping\Shopping\Debug\link.6768-rc.write.1.tlog
C:\Users\Admin\Documents\Visual Studio 2012\Projects\Shopping\Shopping\Debug\link.6768.read.1.tlog
C:\Users\Admin\Documents\Visual Studio 2012\Projects\Shopping\Shopping\Debug\link.6768.write.1.tlog
C:\Users\Admin\Documents\Visual Studio 2012\Projects\Shopping\Shopping\Debug\link.6856-cvtres.read.1.tlog
C:\Users\Admin\Documents\Visual Studio 2012\Projects\Shopping\Shopping\Debug\link.6856-cvtres.write.1.tlog
C:\Users\Admin\Documents\Visual Studio 2012\Projects\Shopping\Shopping\Debug\link.6856-rc.read.1.tlog
C:\Users\Admin\Documents\Visual Studio 2012\Projects\Shopping\Shopping\Debug\link.6856-rc.write.1.tlog
C:\Users\Admin\Documents\Visual Studio 2012\Projects\Shopping\Shopping\Debug\link.6856.read.1.tlog
C:\Users\Admin\Documents\Visual Studio 2012\Projects\Shopping\Shopping\Debug\link.6856.write.1.tlog
C:\Users\Admin\Documents\Visual Studio 2012\Projects\Shopping\Shopping\Debug\link.6912-cvtres.read.1.tlog
C:\Users\Admin\Documents\Visual Studio 2012\Projects\Shopping\Shopping\Debug\link.6912-cvtres.write.1.tlog
C:\Users\Admin\Documents\Visual Studio 2012\Projects\Shopping\Shopping\Debug\link.6912-rc.read.1.tlog
C:\Users\Admin\Documents\Visual Studio 2012\Projects\Shopping\Shopping\Debug\link.6912-rc.write.1.tlog
C:\Users\Admin\Documents\Visual Studio 2012\Projects\Shopping\Shopping\Debug\link.6912.read.1.tlog
C:\Users\Admin\Documents\Visual Studio 2012\Projects\Shopping\Shopping\Debug\link.6912.write.1.tlog
C:\Users\Admin\Documents\Visual Studio 2012\Projects\Shopping\Shopping\Debug\link.6932-cvtres.read.1.tlog
C:\Users\Admin\Documents\Visual Studio 2012\Projects\Shopping\Shopping\Debug\link.6932-cvtres.write.1.tlog
C:\Users\Admin\Documents\Visual Studio 2012\Projects\Shopping\Shopping\Debug\link.6932-rc.read.1.tlog
C:\Users\Admin\Documents\Visual Studio 2012\Projects\Shopping\Shopping\Debug\link.6932-rc.write.1.tlog
C:\Users\Admin\Documents\Visual Studio 2012\Projects\Shopping\Shopping\Debug\link.6932.read.1.tlog
C:\Users\Admin\Documents\Visual Studio 2012\Projects\Shopping\Shopping\Debug\link.6932.write.1.tlog
C:\Users\Admin\Documents\Visual Studio 2012\Projects\Shopping\Shopping\Debug\link.7160-cvtres.read.1.tlog
C:\Users\Admin\Documents\Visual Studio 2012\Projects\Shopping\Shopping\Debug\link.7160-cvtres.write.1.tlog
C:\Users\Admin\Documents\Visual Studio 2012\Projects\Shopping\Shopping\Debug\link.7160-rc.read.1.tlog
C:\Users\Admin\Documents\Visual Studio 2012\Projects\Shopping\Shopping\Debug\link.7160-rc.write.1.tlog
C:\Users\Admin\Documents\Visual Studio 2012\Projects\Shopping\Shopping\Debug\link.7160.read.1.tlog
C:\Users\Admin\Documents\Visual Studio 2012\Projects\Shopping\Shopping\Debug\link.7160.write.1.tlog
C:\Users\Admin\Documents\Visual Studio 2012\Projects\Shopping\Shopping\Debug\link.7376-cvtres.read.1.tlog
C:\Users\Admin\Documents\Visual Studio 2012\Projects\Shopping\Shopping\Debug\link.7376-cvtres.write.1.tlog
C:\Users\Admin\Documents\Visual Studio 2012\Projects\Shopping\Shopping\Debug\link.7376-rc.read.1.tlog
C:\Users\Admin\Documents\Visual Studio 2012\Projects\Shopping\Shopping\Debug\link.7376-rc.write.1.tlog
C:\Users\Admin\Documents\Visual Studio 2012\Projects\Shopping\Shopping\Debug\link.7376.read.1.tlog
C:\Users\Admin\Documents\Visual Studio 2012\Projects\Shopping\Shopping\Debug\link.7376.write.1.tlog
C:\Users\Admin\Documents\Visual Studio 2012\Projects\Shopping\Shopping\Debug\link.7840-cvtres.read.1.tlog
C:\Users\Admin\Documents\Visual Studio 2012\Projects\Shopping\Shopping\Debug\link.7840-cvtres.write.1.tlog
C:\Users\Admin\Documents\Visual Studio 2012\Projects\Shopping\Shopping\Debug\link.7840-rc.read.1.tlog
C:\Users\Admin\Documents\Visual Studio 2012\Projects\Shopping\Shopping\Debug\link.7840-rc.write.1.tlog
C:\Users\Admin\Documents\Visual Studio 2012\Projects\Shopping\Shopping\Debug\link.7840.read.1.tlog
C:\Users\Admin\Documents\Visual Studio 2012\Projects\Shopping\Shopping\Debug\link.7840.write.1.tlog
C:\Users\Admin\Documents\Visual Studio 2012\Projects\Shopping\Shopping\Debug\link.7872-cvtres.read.1.tlog
C:\Users\Admin\Documents\Visual Studio 2012\Projects\Shopping\Shopping\Debug\link.7872-cvtres.write.1.tlog
C:\Users\Admin\Documents\Visual Studio 2012\Projects\Shopping\Shopping\Debug\link.7872-rc.read.1.tlog
C:\Users\Admin\Documents\Visual Studio 2012\Projects\Shopping\Shopping\Debug\link.7872-rc.write.1.tlog
C:\Users\Admin\Documents\Visual Studio 2012\Projects\Shopping\Shopping\Debug\link.7872.read.1.tlog
C:\Users\Admin\Documents\Visual Studio 2012\Projects\Shopping\Shopping\Debug\link.7872.write.1.tlog
C:\Users\Admin\Documents\Visual Studio 2012\Projects\Shopping\Shopping\Debug\link.796-cvtres.read.1.tlog
C:\Users\Admin\Documents\Visual Studio 2012\Projects\Shopping\Shopping\Debug\link.796-cvtres.write.1.tlog
C:\Users\Admin\Documents\Visual Studio 2012\Projects\Shopping\Shopping\Debug\link.796-rc.read.1.tlog
C:\Users\Admin\Documents\Visual Studio 2012\Projects\Shopping\Shopping\Debug\link.796-rc.write.1.tlog
C:\Users\Admin\Documents\Visual Studio 2012\Projects\Shopping\Shopping\Debug\link.796.read.1.tlog
C:\Users\Admin\Documents\Visual Studio 2012\Projects\Shopping\Shopping\Debug\link.796.write.1.tlog
C:\Users\Admin\Documents\Visual Studio 2012\Projects\Shopping\Shopping\Debug\link.8028-cvtres.read.1.tlog
C:\Users\Admin\Documents\Visual Studio 2012\Projects\Shopping\Shopping\Debug\link.8028-cvtres.write.1.tlog
C:\Users\Admin\Documents\Visual Studio 2012\Projects\Shopping\Shopping\Debug\link.8028-rc.read.1.tlog
C:\Users\Admin\Documents\Visual Studio 2012\Projects\Shopping\Shopping\Debug\link.8028-rc.write.1.tlog
C:\Users\Admin\Documents\Visual Studio 2012\Projects\Shopping\Shopping\Debug\link.8028.read.1.tlog
C:\Users\Admin\Documents\Visual Studio 2012\Projects\Shopping\Shopping\Debug\link.8028.write.1.tlog
C:\Users\Admin\Documents\Visual Studio 2012\Projects\Shopping\Shopping\Debug\link.8108-cvtres.read.1.tlog
C:\Users\Admin\Documents\Visual Studio 2012\Projects\Shopping\Shopping\Debug\link.8108-cvtres.write.1.tlog
C:\Users\Admin\Documents\Visual Studio 2012\Projects\Shopping\Shopping\Debug\link.8108-rc.read.1.tlog
C:\Users\Admin\Documents\Visual Studio 2012\Projects\Shopping\Shopping\Debug\link.8108-rc.write.1.tlog
C:\Users\Admin\Documents\Visual Studio 2012\Projects\Shopping\Shopping\Debug\link.8108.read.1.tlog
C:\Users\Admin\Documents\Visual Studio 2012\Projects\Shopping\Shopping\Debug\link.8108.write.1.tlog
C:\Users\Admin\Documents\Visual Studio 2012\Projects\Shopping\Shopping\Debug\link.8232-cvtres.read.1.tlog
C:\Users\Admin\Documents\Visual Studio 2012\Projects\Shopping\Shopping\Debug\link.8232-cvtres.write.1.tlog
C:\Users\Admin\Documents\Visual Studio 2012\Projects\Shopping\Shopping\Debug\link.8232-rc.read.1.tlog
C:\Users\Admin\Documents\Visual Studio 2012\Projects\Shopping\Shopping\Debug\link.8232-rc.write.1.tlog
C:\Users\Admin\Documents\Visual Studio 2012\Projects\Shopping\Shopping\Debug\link.8232.read.1.tlog
C:\Users\Admin\Documents\Visual Studio 2012\Projects\Shopping\Shopping\Debug\link.8232.write.1.tlog
C:\Users\Admin\Documents\Visual Studio 2012\Projects\Shopping\Shopping\Debug\link.8588-cvtres.read.1.tlog
C:\Users\Admin\Documents\Visual Studio 2012\Projects\Shopping\Shopping\Debug\link.8588-cvtres.write.1.tlog
C:\Users\Admin\Documents\Visual Studio 2012\Projects\Shopping\Shopping\Debug\link.8588-rc.read.1.tlog
C:\Users\Admin\Documents\Visual Studio 2012\Projects\Shopping\Shopping\Debug\link.8588-rc.write.1.tlog
C:\Users\Admin\Documents\Visual Studio 2012\Projects\Shopping\Shopping\Debug\link.8588.read.1.tlog
C:\Users\Admin\Documents\Visual Studio 2012\Projects\Shopping\Shopping\Debug\link.8588.write.1.tlog
C:\Users\Admin\Documents\Visual Studio 2012\Projects\Shopping\Shopping\Debug\link.command.1.tlog
C:\Users\Admin\Documents\Visual Studio 2012\Projects\Shopping\Shopping\Debug\link.read.1.tlog
C:\Users\Admin\Documents\Visual Studio 2012\Projects\Shopping\Shopping\Debug\link.write.1.tlog
C:\Users\Admin\Documents\Visual Studio 2012\Projects\Shopping\Shopping\Debug\vc110.idb
C:\Users\Admin\Documents\Visual Studio 2012\Projects\Shopping\Shopping\Debug\vc110.pdb
C:\Users\Admin\Documents\Visual Studio 2012\Projects\Shopping\Debug\Shopping.pdb
